<?xml version="1.0" encoding="UTF-8"?>
<testsuite name="Reto sqa" tests="2" skipped="0" failures="0" errors="0" timestamp="2023-10-10T21:19:15" hostname="DESKTOP-UCB9MFP" time="34.173">
  <properties/>
  <testcase name="Select two products of category amor for I add to buycar" classname="Reto sqa" time="34.146"/>
  <testcase name="Select a product category cumpleaños del carro decompras, add and after delete" classname="Reto sqa" time="0.004"/>
  <system-out><![CDATA[]]></system-out>
  <system-err><![CDATA[[Test worker] WARN net.thucydides.core.steps.BaseStepListener - stepStarted: net.thucydides.core.steps.ExecutedStepDescription@48a6bcc6
[Test worker] WARN net.thucydides.core.steps.BaseStepListener - stepStarted: net.thucydides.core.steps.ExecutedStepDescription@bab7a2a
[Test worker] WARN net.thucydides.core.steps.BaseStepListener - stepStarted: net.thucydides.core.steps.ExecutedStepDescription@5e6fe5ac
oct 10, 2023 4:19:16 PM org.openqa.selenium.remote.DesiredCapabilities chrome
INFORMACIÓN: Using `new ChromeOptions()` is preferred to `DesiredCapabilities.chrome()`
[Test worker] INFO net.serenitybdd.core.webdriver.driverproviders.ProvideNewDriver - Instantiating driver
[Test worker] INFO net.serenitybdd.core.webdriver.driverproviders.ProvideNewDriver - Driver capabilities: Capabilities {acceptInsecureCerts: false, browserName: chrome, chrome.switches: --start-maximized, goog:chromeOptions: {args: [--start-maximized], extensions: []}, loggingPrefs: org.openqa.selenium.logging..., platform: ANY, version: }
Starting ChromeDriver 116.0.5845.96 (1a391816688002153ef791ffe60d9e899a71a037-refs/branch-heads/5845@{#1382}) on port 25554
Only local connections are allowed.
Please see https://chromedriver.chromium.org/security-considerations for suggestions on keeping ChromeDriver safe.
ChromeDriver was started successfully.
[1696972760.881][WARNING]: This version of ChromeDriver has not been tested with Chrome version 117.
oct 10, 2023 4:19:21 PM org.openqa.selenium.remote.ProtocolHandshake createSession
INFORMACIÓN: Detected dialect: W3C
[Test worker] WARN net.thucydides.core.steps.BaseStepListener - stepFinished: current outcome:Select two products of category amor for I add to buycar:Given than Fabian went buy two products at the floristeria mundoflor [Fabian abrir pagina [Fabian opens the Pagina para abrir]]
[Test worker] WARN net.thucydides.core.steps.BaseStepListener - stepStarted: net.thucydides.core.steps.ExecutedStepDescription@46b3d0d0
[Test worker] WARN net.thucydides.core.steps.BaseStepListener - stepFinished: current outcome:Select two products of category amor for I add to buycar:Given than Fabian went buy two products at the floristeria mundoflor [Fabian abrir pagina [Fabian opens the Pagina para abrir, Fabian clicks on Seleccionar categoria amor]]
[Test worker] WARN net.thucydides.core.steps.BaseStepListener - stepFinished: current outcome:Select two products of category amor for I add to buycar:Given than Fabian went buy two products at the floristeria mundoflor [Fabian abrir pagina [Fabian opens the Pagina para abrir, Fabian clicks on Seleccionar categoria amor]]
[Test worker] WARN net.thucydides.core.steps.BaseStepListener - stepFinished: current outcome:Select two products of category amor for I add to buycar:Given than Fabian went buy two products at the floristeria mundoflor [Fabian abrir pagina [Fabian opens the Pagina para abrir, Fabian clicks on Seleccionar categoria amor]]
[Test worker] WARN net.thucydides.core.steps.BaseStepListener - stepStarted: net.thucydides.core.steps.ExecutedStepDescription@50f2f5e0
[Test worker] WARN net.thucydides.core.steps.BaseStepListener - stepFinished: current outcome:Select two products of category amor for I add to buycar:Given than Fabian went buy two products at the floristeria mundoflor [Fabian abrir pagina [Fabian opens the Pagina para abrir, Fabian clicks on Seleccionar categoria amor]], When he searchs a internet page category list
[Test worker] WARN net.thucydides.core.steps.BaseStepListener - stepStarted: net.thucydides.core.steps.ExecutedStepDescription@1cdb4001
[Test worker] WARN net.thucydides.core.steps.BaseStepListener - stepFinished: current outcome:Select two products of category amor for I add to buycar:Given than Fabian went buy two products at the floristeria mundoflor [Fabian abrir pagina [Fabian opens the Pagina para abrir, Fabian clicks on Seleccionar categoria amor]], When he searchs a internet page category list, Then he finds the products that he likes
[Test worker] WARN net.thucydides.core.steps.BaseStepListener - testFinished: Select two products of category amor for I add to buycar:Given than Fabian went buy two products at the floristeria mundoflor [Fabian abrir pagina [Fabian opens the Pagina para abrir, Fabian clicks on Seleccionar categoria amor]], When he searchs a internet page category list, Then he finds the products that he likes
[Test worker] WARN net.thucydides.core.steps.BaseStepListener - TestOutcomes: [Select two products of category amor for I add to buycar:Given than Fabian went buy two products at the floristeria mundoflor [Fabian abrir pagina [Fabian opens the Pagina para abrir, Fabian clicks on Seleccionar categoria amor]], When he searchs a internet page category list, Then he finds the products that he likes]
[Test worker] WARN net.thucydides.core.steps.BaseStepListener - Final testOutcomes: [Select two products of category amor for I add to buycar:Given than Fabian went buy two products at the floristeria mundoflor [Fabian abrir pagina [Fabian opens the Pagina para abrir, Fabian clicks on Seleccionar categoria amor]], When he searchs a internet page category list, Then he finds the products that he likes]
[Test worker] INFO net.thucydides.core.steps.ConsoleLoggingListener - 
        __    _____ _____ ____ _____   ____   _    ____  ____  _____ ____  
  _     \ \  |_   _| ____/ ___|_   _| |  _ \ / \  / ___|/ ___|| ____|  _ \ 
 (_)_____| |   | | |  _| \___ \ | |   | |_) / _ \ \___ \\___ \|  _| | | | |
  _|_____| |   | | | |___ ___) || |   |  __/ ___ \ ___) |___) | |___| |_| |
 (_)     | |   |_| |_____|____/ |_|   |_| /_/   \_\____/|____/|_____|____/ 
        /_/                                                                

TEST PASSED: Select two products of category amor for I add to buycar
----------------------------------------------------------------------------
[Test worker] WARN net.thucydides.core.steps.BaseStepListener - testFinished: Select a product category cumpleaños del carro decompras, add and after delete:
[Test worker] WARN net.thucydides.core.steps.BaseStepListener - TestOutcomes: [Select two products of category amor for I add to buycar:Given than Fabian went buy two products at the floristeria mundoflor [Fabian abrir pagina [Fabian opens the Pagina para abrir, Fabian clicks on Seleccionar categoria amor]], When he searchs a internet page category list, Then he finds the products that he likes, Select a product category cumpleaños del carro decompras, add and after delete:]
[Test worker] WARN net.thucydides.core.steps.BaseStepListener - Final testOutcomes: [Select two products of category amor for I add to buycar:Given than Fabian went buy two products at the floristeria mundoflor [Fabian abrir pagina [Fabian opens the Pagina para abrir, Fabian clicks on Seleccionar categoria amor]], When he searchs a internet page category list, Then he finds the products that he likes, Select a product category cumpleaños del carro decompras, add and after delete:]
[Test worker] INFO net.thucydides.core.steps.ConsoleLoggingListener - 
          __  _____ _____ ____ _____   ____  _____ _   _ ____ ___ _   _  ____ 
 _       / / |_   _| ____/ ___|_   _| |  _ \| ____| \ | |  _ \_ _| \ | |/ ___|
(_)____ / /    | | |  _| \___ \ | |   | |_) |  _| |  \| | | | | ||  \| | |  _ 
 |_____/ /     | | | |___ ___) || |   |  __/| |___| |\  | |_| | || |\  | |_| |
(_)   /_/      |_| |_____|____/ |_|   |_|   |_____|_| \_|____/___|_| \_|\____|
                                                                                

TEST PENDING: Select a product category cumpleaños del carro decompras, add and after delete
---------------------------------------------------------------------------------
]]></system-err>
</testsuite>
